Arguments: 
  C:\Program Files\nodejs\node.exe C:\Program Files (x86)\Yarn\bin\yarn.js

PATH: 
  C:\Program Files\Common Files\Oracle\Java\javapath;C:\Program Files (x86)\Common Files\Oracle\Java\javapath;C:\WINDOWS\system32;C:\WINDOWS;C:\WINDOWS\System32\Wbem;C:\WINDOWS\System32\WindowsPowerShell\v1.0\;C:\WINDOWS\System32\OpenSSH\;C:\Program Files (x86)\NVIDIA Corporation\PhysX\Common;C:\Program Files\NVIDIA Corporation\NVIDIA NvDLISR;C:\Program Files\Git\cmd;C:\Program Files\PuTTY\;C:\Program Files (x86)\Yarn\bin\;C:\Program Files (x86)\Pulse Secure\VC142.CRT\X64\;C:\Program Files (x86)\Pulse Secure\VC142.CRT\X86\;C:\WINDOWS\system32;C:\WINDOWS;C:\WINDOWS\System32\Wbem;C:\WINDOWS\System32\WindowsPowerShell\v1.0\;C:\WINDOWS\System32\OpenSSH\;C:\Program Files\nodejs\;C:\Users\Luca\AppData\Local\Programs\Python\Python36\Scripts\;C:\Users\Luca\AppData\Local\Programs\Python\Python36\;C:\Users\Luca\AppData\Local\Microsoft\WindowsApps;C:\Users\Luca\AppData\Local\atom\bin;C:\Program Files (x86)\Nmap;C:\Users\Luca\AppData\Local\GitHubDesktop\bin;C:\Program Files\JetBrains\IntelliJ IDEA Community Edition 2020.2.3\bin;;C:\Users\Luca\AppData\Local\Programs\Microsoft VS Code\bin;C:\Users\Luca\AppData\Local\Yarn\bin;C:\Users\Luca\AppData\Local\Microsoft\WindowsApps;C:\Users\Luca\AppData\Roaming\npm;C:\Users\Luca\Documents\sonar\sonar-scanner-cli-4.6.0.2311-windows\sonar-scanner-4.6.0.2311-windows\bin;C:\Users\Luca\Documents\sonar\sonarqube-8.8.0.42792\sonarqube-8.8.0.42792\bin\windows-x86-64;C:\Users\Luca\Downloads\realapache\apache-maven-3.8.1\bin;

Yarn version: 
  1.22.5

Node version: 
  14.16.1

Platform: 
  win32 x64

Trace: 
  Error: http://github.com/component/emitter/archive/1.0.1.tar.gz: ENOENT: no such file or directory, open 'C:\Users\Luca\AppData\Local\Yarn\Cache\v6\.tmp\c093b6de586a0ae2ebbab27ba3b833a5\.yarn-tarball.tgz'

npm manifest: 
  {
    "name": "webshop",
    "version": "0.1.0",
    "private": true,
    "scripts": {
      "serve": "vue-cli-service serve",
      "build": "vue-cli-service build",
      "test:unit": "vue-cli-service test:unit",
      "lint": "vue-cli-service lint",
      "cyopen": "cypress open",
      "test": "jest",
      "test2": "./node_modules/.bin/jest"
    },
    "dependencies": {
      "@vue/test-utils": "^1.1.3",
      "core-js": "^3.6.5",
      "cypress": "^6.5.0",
      "dns": "^0.1.2",
      "js-sha1": "^0.6.0",
      "mdbvue": "^5.4.1",
      "ts-node": "^9.1.1",
      "vue": "^2.6.11",
      "vue-infinite-scroll": "^2.0.2",
      "vue-router": "^3.5.1",
      "vuex": "^3.6.2",
      "vuex-persistedstate": "^4.0.0-beta.3"
    },
    "devDependencies": {
      "@testing-library/vue": "^5.6.1",
      "@vue/cli-plugin-babel": "^4.5.0",
      "@vue/cli-plugin-eslint": "^4.5.0",
      "@vue/cli-plugin-unit-jest": "^4.5.12",
      "@vue/cli-service": "^4.1.1",
      "@vue/test-utils": "^1.0.3",
      "babel-core": "^7.0.0-bridge.0",
      "babel-eslint": "^10.1.0",
      "eslint": "^6.7.2",
      "eslint-plugin-vue": "^6.2.2",
      "jest": "^26.6.3",
      "vue-jest": "^3.0.7",
      "vue-template-compiler": "^2.6.11"
    },
    "eslintConfig": {
      "root": true,
      "env": {
        "node": true,
        "jest": true
      },
      "extends": [
        "plugin:vue/essential",
        "eslint:recommended"
      ],
      "parserOptions": {
        "parser": "babel-eslint"
      },
      "rules": {},
      "overrides": [
        {
          "files": [
            "**/__tests__/*.{j,t}s?(x)",
            "**/tests/unit/**/*.spec.{j,t}s?(x)"
          ],
          "env": {
            "jest": true
          }
        }
      ]
    },
    "browserslist": [
      "> 1%",
      "last 2 versions",
      "not dead"
    ]
  }

yarn manifest: 
  No manifest

Lockfile: 
  No lockfile
